16:11:04.048 [ApplicationImpl pooled thread 73] INFO  c.b.l.BrowserStackRunExtension - testng
16:11:04.048 [ApplicationImpl pooled thread 73] INFO  com.browserstack.utils.Helpers - null
16:11:04.048 [ApplicationImpl pooled thread 73] INFO  c.b.l.BrowserStackRunExtension - Agent path: null
16:12:20.726 [ApplicationImpl pooled thread 73] INFO  c.b.l.BrowserStackRunExtension - testng
16:12:20.726 [ApplicationImpl pooled thread 73] INFO  com.browserstack.utils.Helpers - null
16:12:20.742 [ApplicationImpl pooled thread 73] INFO  c.b.l.BrowserStackRunExtension - Agent path: null
16:13:34.210 [ApplicationImpl pooled thread 89] INFO  c.b.l.BrowserStackRunExtension - testng
16:13:34.210 [ApplicationImpl pooled thread 89] INFO  com.browserstack.utils.Helpers - null
16:13:34.210 [ApplicationImpl pooled thread 89] INFO  c.b.l.BrowserStackRunExtension - Agent path: null
16:16:12.677 [ApplicationImpl pooled thread 92] INFO  c.b.l.BrowserStackRunExtension - testng
16:16:12.677 [ApplicationImpl pooled thread 92] INFO  com.browserstack.utils.Helpers - null
16:16:12.677 [ApplicationImpl pooled thread 92] INFO  c.b.l.BrowserStackRunExtension - Agent path: null
16:17:46.126 [ApplicationImpl pooled thread 91] INFO  c.b.l.BrowserStackRunExtension - testng
16:17:46.126 [ApplicationImpl pooled thread 91] INFO  com.browserstack.utils.Helpers - null
16:17:46.126 [ApplicationImpl pooled thread 91] INFO  c.b.l.BrowserStackRunExtension - Agent path: null
16:18:20.113 [ApplicationImpl pooled thread 91] INFO  c.b.l.BrowserStackRunExtension - testng
16:18:20.113 [ApplicationImpl pooled thread 91] INFO  com.browserstack.utils.Helpers - null
16:18:20.113 [ApplicationImpl pooled thread 91] INFO  c.b.l.BrowserStackRunExtension - Agent path: null
16:20:17.504 [ApplicationImpl pooled thread 83] INFO  c.b.l.BrowserStackRunExtension - testng
16:20:17.504 [ApplicationImpl pooled thread 83] INFO  com.browserstack.utils.Helpers - null
16:20:17.504 [ApplicationImpl pooled thread 83] INFO  c.b.l.BrowserStackRunExtension - Agent path: null
16:25:25.258 [ApplicationImpl pooled thread 103] INFO  c.b.l.BrowserStackRunExtension - testng
16:25:25.258 [ApplicationImpl pooled thread 103] INFO  com.browserstack.utils.Helpers - null
16:25:25.258 [ApplicationImpl pooled thread 103] INFO  c.b.l.BrowserStackRunExtension - Agent path: null
16:26:50.205 [ApplicationImpl pooled thread 102] INFO  c.b.l.BrowserStackRunExtension - testng
16:26:50.205 [ApplicationImpl pooled thread 102] INFO  com.browserstack.utils.Helpers - null
16:26:50.220 [ApplicationImpl pooled thread 102] INFO  c.b.l.BrowserStackRunExtension - Agent path: null
16:30:00.244 [ApplicationImpl pooled thread 111] INFO  c.b.l.BrowserStackRunExtension - testng
16:30:00.244 [ApplicationImpl pooled thread 111] INFO  com.browserstack.utils.Helpers - null
16:30:00.244 [ApplicationImpl pooled thread 111] INFO  c.b.l.BrowserStackRunExtension - Agent path: null
16:33:11.987 [ApplicationImpl pooled thread 107] INFO  c.b.l.BrowserStackRunExtension - testng
16:33:11.987 [ApplicationImpl pooled thread 107] INFO  com.browserstack.utils.Helpers - null
16:33:11.987 [ApplicationImpl pooled thread 107] INFO  com.browserstack.utils.Helpers - C:/Users/Vijay/.m2/repository/com/browserstack/browserstack-java-sdk/1.26.4/browserstack-java-sdk-1.26.4.jar
16:33:11.987 [ApplicationImpl pooled thread 107] INFO  c.b.l.BrowserStackRunExtension - Agent path: C:/Users/Vijay/.m2/repository/com/browserstack/browserstack-java-sdk/1.26.4/browserstack-java-sdk-1.26.4.jar
16:33:11.988 [ApplicationImpl pooled thread 107] INFO  c.b.l.BrowserStackRunExtension - Adding Browserstack SDK javaagent argline
16:33:11.988 [ApplicationImpl pooled thread 107] INFO  c.b.l.BrowserStackRunExtension - Plugin version: v1.1.6
16:35:28.487 [ApplicationImpl pooled thread 121] INFO  c.b.l.BrowserStackRunExtension - testng
16:35:28.487 [ApplicationImpl pooled thread 121] INFO  com.browserstack.utils.Helpers - null
16:35:28.489 [ApplicationImpl pooled thread 121] INFO  com.browserstack.utils.Helpers - C:/Users/Vijay/.m2/repository/com/browserstack/browserstack-java-sdk/1.26.4/browserstack-java-sdk-1.26.4.jar
16:35:28.489 [ApplicationImpl pooled thread 121] INFO  c.b.l.BrowserStackRunExtension - Agent path: C:/Users/Vijay/.m2/repository/com/browserstack/browserstack-java-sdk/1.26.4/browserstack-java-sdk-1.26.4.jar
16:35:28.490 [ApplicationImpl pooled thread 121] INFO  c.b.l.BrowserStackRunExtension - Adding Browserstack SDK javaagent argline
16:35:28.490 [ApplicationImpl pooled thread 121] INFO  c.b.l.BrowserStackRunExtension - Plugin version: v1.1.6
16:40:09.090 [ApplicationImpl pooled thread 124] INFO  c.b.l.BrowserStackRunExtension - testng
16:40:09.090 [ApplicationImpl pooled thread 124] INFO  com.browserstack.utils.Helpers - null
16:40:09.090 [ApplicationImpl pooled thread 124] INFO  com.browserstack.utils.Helpers - C:/Users/Vijay/.m2/repository/com/browserstack/browserstack-java-sdk/1.26.4/browserstack-java-sdk-1.26.4.jar
16:40:09.090 [ApplicationImpl pooled thread 124] INFO  c.b.l.BrowserStackRunExtension - Agent path: C:/Users/Vijay/.m2/repository/com/browserstack/browserstack-java-sdk/1.26.4/browserstack-java-sdk-1.26.4.jar
16:40:09.090 [ApplicationImpl pooled thread 124] INFO  c.b.l.BrowserStackRunExtension - Adding Browserstack SDK javaagent argline
16:40:09.090 [ApplicationImpl pooled thread 124] INFO  c.b.l.BrowserStackRunExtension - Plugin version: v1.1.6
16:41:10.224 [ApplicationImpl pooled thread 126] INFO  c.b.l.BrowserStackRunExtension - testng
16:41:10.224 [ApplicationImpl pooled thread 126] INFO  com.browserstack.utils.Helpers - null
16:41:10.224 [ApplicationImpl pooled thread 126] INFO  com.browserstack.utils.Helpers - C:/Users/Vijay/.m2/repository/com/browserstack/browserstack-java-sdk/1.26.4/browserstack-java-sdk-1.26.4.jar
16:41:10.224 [ApplicationImpl pooled thread 126] INFO  c.b.l.BrowserStackRunExtension - Agent path: C:/Users/Vijay/.m2/repository/com/browserstack/browserstack-java-sdk/1.26.4/browserstack-java-sdk-1.26.4.jar
16:41:10.224 [ApplicationImpl pooled thread 126] INFO  c.b.l.BrowserStackRunExtension - Adding Browserstack SDK javaagent argline
16:41:10.224 [ApplicationImpl pooled thread 126] INFO  c.b.l.BrowserStackRunExtension - Plugin version: v1.1.6
16:42:53.036 [ApplicationImpl pooled thread 129] INFO  c.b.l.BrowserStackRunExtension - testng
16:42:53.036 [ApplicationImpl pooled thread 129] INFO  com.browserstack.utils.Helpers - null
16:42:53.036 [ApplicationImpl pooled thread 129] INFO  com.browserstack.utils.Helpers - C:/Users/Vijay/.m2/repository/com/browserstack/browserstack-java-sdk/1.26.4/browserstack-java-sdk-1.26.4.jar
16:42:53.036 [ApplicationImpl pooled thread 129] INFO  c.b.l.BrowserStackRunExtension - Agent path: C:/Users/Vijay/.m2/repository/com/browserstack/browserstack-java-sdk/1.26.4/browserstack-java-sdk-1.26.4.jar
16:42:53.036 [ApplicationImpl pooled thread 129] INFO  c.b.l.BrowserStackRunExtension - Adding Browserstack SDK javaagent argline
16:42:53.036 [ApplicationImpl pooled thread 129] INFO  c.b.l.BrowserStackRunExtension - Plugin version: v1.1.6
16:44:23.830 [ApplicationImpl pooled thread 126] INFO  c.b.l.BrowserStackRunExtension - testng
16:44:23.830 [ApplicationImpl pooled thread 126] INFO  com.browserstack.utils.Helpers - null
16:44:23.830 [ApplicationImpl pooled thread 126] INFO  com.browserstack.utils.Helpers - C:/Users/Vijay/.m2/repository/com/browserstack/browserstack-java-sdk/1.26.4/browserstack-java-sdk-1.26.4.jar
16:44:23.830 [ApplicationImpl pooled thread 126] INFO  c.b.l.BrowserStackRunExtension - Agent path: C:/Users/Vijay/.m2/repository/com/browserstack/browserstack-java-sdk/1.26.4/browserstack-java-sdk-1.26.4.jar
16:44:23.830 [ApplicationImpl pooled thread 126] INFO  c.b.l.BrowserStackRunExtension - Adding Browserstack SDK javaagent argline
16:44:23.830 [ApplicationImpl pooled thread 126] INFO  c.b.l.BrowserStackRunExtension - Plugin version: v1.1.6
16:49:27.210 [ApplicationImpl pooled thread 136] INFO  c.b.l.BrowserStackRunExtension - testng
16:49:27.210 [ApplicationImpl pooled thread 136] INFO  com.browserstack.utils.Helpers - null
16:49:27.210 [ApplicationImpl pooled thread 136] INFO  com.browserstack.utils.Helpers - C:/Users/Vijay/.m2/repository/com/browserstack/browserstack-java-sdk/1.26.4/browserstack-java-sdk-1.26.4.jar
16:49:27.210 [ApplicationImpl pooled thread 136] INFO  c.b.l.BrowserStackRunExtension - Agent path: C:/Users/Vijay/.m2/repository/com/browserstack/browserstack-java-sdk/1.26.4/browserstack-java-sdk-1.26.4.jar
16:49:27.210 [ApplicationImpl pooled thread 136] INFO  c.b.l.BrowserStackRunExtension - Adding Browserstack SDK javaagent argline
16:49:27.210 [ApplicationImpl pooled thread 136] INFO  c.b.l.BrowserStackRunExtension - Plugin version: v1.1.6
16:54:15.132 [AWT-EventQueue-0] INFO  c.b.actions.DisableBrowserStack - Setting disable browserstack run update
16:54:15.133 [AWT-EventQueue-0] INFO  com.browserstack.utils.Helpers - C:/Users/Vijay/.m2/repository/com/browserstack/browserstack-java-sdk/1.26.4/browserstack-java-sdk-1.26.4.jar
16:54:15.133 [AWT-EventQueue-0] INFO  com.browserstack.utils.Helpers - null
16:54:15.144 [AWT-EventQueue-0] INFO  c.b.actions.EnableBrowserStack - Setting enable browserstack run update
16:54:15.145 [AWT-EventQueue-0] INFO  com.browserstack.utils.Helpers - C:/Users/Vijay/.m2/repository/com/browserstack/browserstack-java-sdk/1.26.4/browserstack-java-sdk-1.26.4.jar
16:54:15.145 [AWT-EventQueue-0] INFO  com.browserstack.utils.Helpers - null
17:31:13.677 [ApplicationImpl pooled thread 147] INFO  c.b.l.BrowserStackRunExtension - testng
17:31:13.677 [ApplicationImpl pooled thread 147] INFO  com.browserstack.utils.Helpers - null
17:31:13.677 [ApplicationImpl pooled thread 147] INFO  com.browserstack.utils.Helpers - C:/Users/Vijay/.m2/repository/com/browserstack/browserstack-java-sdk/1.26.4/browserstack-java-sdk-1.26.4.jar
17:31:13.677 [ApplicationImpl pooled thread 147] INFO  c.b.l.BrowserStackRunExtension - Agent path: C:/Users/Vijay/.m2/repository/com/browserstack/browserstack-java-sdk/1.26.4/browserstack-java-sdk-1.26.4.jar
17:31:13.677 [ApplicationImpl pooled thread 147] INFO  c.b.l.BrowserStackRunExtension - Adding Browserstack SDK javaagent argline
17:31:13.678 [ApplicationImpl pooled thread 147] INFO  c.b.l.BrowserStackRunExtension - Plugin version: v1.1.6
17:32:10.704 [ApplicationImpl pooled thread 146] INFO  c.b.l.BrowserStackRunExtension - testng
17:32:10.704 [ApplicationImpl pooled thread 146] INFO  com.browserstack.utils.Helpers - null
17:32:10.704 [ApplicationImpl pooled thread 146] INFO  com.browserstack.utils.Helpers - C:/Users/Vijay/.m2/repository/com/browserstack/browserstack-java-sdk/1.26.4/browserstack-java-sdk-1.26.4.jar
17:32:10.704 [ApplicationImpl pooled thread 146] INFO  c.b.l.BrowserStackRunExtension - Agent path: C:/Users/Vijay/.m2/repository/com/browserstack/browserstack-java-sdk/1.26.4/browserstack-java-sdk-1.26.4.jar
17:32:10.704 [ApplicationImpl pooled thread 146] INFO  c.b.l.BrowserStackRunExtension - Adding Browserstack SDK javaagent argline
17:32:10.704 [ApplicationImpl pooled thread 146] INFO  c.b.l.BrowserStackRunExtension - Plugin version: v1.1.6
17:34:41.372 [ApplicationImpl pooled thread 149] INFO  c.b.l.BrowserStackRunExtension - testng
17:34:41.372 [ApplicationImpl pooled thread 149] INFO  com.browserstack.utils.Helpers - null
17:34:41.372 [ApplicationImpl pooled thread 149] INFO  com.browserstack.utils.Helpers - C:/Users/Vijay/.m2/repository/com/browserstack/browserstack-java-sdk/1.26.4/browserstack-java-sdk-1.26.4.jar
17:34:41.372 [ApplicationImpl pooled thread 149] INFO  c.b.l.BrowserStackRunExtension - Agent path: C:/Users/Vijay/.m2/repository/com/browserstack/browserstack-java-sdk/1.26.4/browserstack-java-sdk-1.26.4.jar
17:34:41.373 [ApplicationImpl pooled thread 149] INFO  c.b.l.BrowserStackRunExtension - Adding Browserstack SDK javaagent argline
17:34:41.373 [ApplicationImpl pooled thread 149] INFO  c.b.l.BrowserStackRunExtension - Plugin version: v1.1.6
17:35:25.251 [ApplicationImpl pooled thread 151] INFO  c.b.l.BrowserStackRunExtension - testng
17:35:25.251 [ApplicationImpl pooled thread 151] INFO  com.browserstack.utils.Helpers - null
17:35:25.251 [ApplicationImpl pooled thread 151] INFO  com.browserstack.utils.Helpers - C:/Users/Vijay/.m2/repository/com/browserstack/browserstack-java-sdk/1.26.4/browserstack-java-sdk-1.26.4.jar
17:35:25.251 [ApplicationImpl pooled thread 151] INFO  c.b.l.BrowserStackRunExtension - Agent path: C:/Users/Vijay/.m2/repository/com/browserstack/browserstack-java-sdk/1.26.4/browserstack-java-sdk-1.26.4.jar
17:35:25.252 [ApplicationImpl pooled thread 151] INFO  c.b.l.BrowserStackRunExtension - Adding Browserstack SDK javaagent argline
17:35:25.252 [ApplicationImpl pooled thread 151] INFO  c.b.l.BrowserStackRunExtension - Plugin version: v1.1.6
17:37:31.404 [ApplicationImpl pooled thread 152] INFO  c.b.l.BrowserStackRunExtension - testng
17:37:31.405 [ApplicationImpl pooled thread 152] INFO  com.browserstack.utils.Helpers - null
17:37:31.406 [ApplicationImpl pooled thread 152] INFO  com.browserstack.utils.Helpers - C:/Users/Vijay/.m2/repository/com/browserstack/browserstack-java-sdk/1.26.4/browserstack-java-sdk-1.26.4.jar
17:37:31.406 [ApplicationImpl pooled thread 152] INFO  c.b.l.BrowserStackRunExtension - Agent path: C:/Users/Vijay/.m2/repository/com/browserstack/browserstack-java-sdk/1.26.4/browserstack-java-sdk-1.26.4.jar
17:37:31.406 [ApplicationImpl pooled thread 152] INFO  c.b.l.BrowserStackRunExtension - Adding Browserstack SDK javaagent argline
17:37:31.406 [ApplicationImpl pooled thread 152] INFO  c.b.l.BrowserStackRunExtension - Plugin version: v1.1.6
17:39:09.325 [ApplicationImpl pooled thread 149] INFO  c.b.l.BrowserStackRunExtension - testng
17:39:09.325 [ApplicationImpl pooled thread 149] INFO  com.browserstack.utils.Helpers - null
17:39:09.326 [ApplicationImpl pooled thread 149] INFO  com.browserstack.utils.Helpers - C:/Users/Vijay/.m2/repository/com/browserstack/browserstack-java-sdk/1.26.4/browserstack-java-sdk-1.26.4.jar
17:39:09.326 [ApplicationImpl pooled thread 149] INFO  c.b.l.BrowserStackRunExtension - Agent path: C:/Users/Vijay/.m2/repository/com/browserstack/browserstack-java-sdk/1.26.4/browserstack-java-sdk-1.26.4.jar
17:39:09.326 [ApplicationImpl pooled thread 149] INFO  c.b.l.BrowserStackRunExtension - Adding Browserstack SDK javaagent argline
17:39:09.326 [ApplicationImpl pooled thread 149] INFO  c.b.l.BrowserStackRunExtension - Plugin version: v1.1.6
17:40:09.497 [ApplicationImpl pooled thread 156] INFO  c.b.l.BrowserStackRunExtension - testng
17:40:09.497 [ApplicationImpl pooled thread 156] INFO  com.browserstack.utils.Helpers - null
17:40:09.497 [ApplicationImpl pooled thread 156] INFO  com.browserstack.utils.Helpers - C:/Users/Vijay/.m2/repository/com/browserstack/browserstack-java-sdk/1.26.4/browserstack-java-sdk-1.26.4.jar
17:40:09.497 [ApplicationImpl pooled thread 156] INFO  c.b.l.BrowserStackRunExtension - Agent path: C:/Users/Vijay/.m2/repository/com/browserstack/browserstack-java-sdk/1.26.4/browserstack-java-sdk-1.26.4.jar
17:40:09.497 [ApplicationImpl pooled thread 156] INFO  c.b.l.BrowserStackRunExtension - Adding Browserstack SDK javaagent argline
17:40:09.497 [ApplicationImpl pooled thread 156] INFO  c.b.l.BrowserStackRunExtension - Plugin version: v1.1.6
17:41:25.076 [ApplicationImpl pooled thread 157] INFO  c.b.l.BrowserStackRunExtension - testng
17:41:25.076 [ApplicationImpl pooled thread 157] INFO  com.browserstack.utils.Helpers - null
17:41:25.077 [ApplicationImpl pooled thread 157] INFO  com.browserstack.utils.Helpers - C:/Users/Vijay/.m2/repository/com/browserstack/browserstack-java-sdk/1.26.4/browserstack-java-sdk-1.26.4.jar
17:41:25.077 [ApplicationImpl pooled thread 157] INFO  c.b.l.BrowserStackRunExtension - Agent path: C:/Users/Vijay/.m2/repository/com/browserstack/browserstack-java-sdk/1.26.4/browserstack-java-sdk-1.26.4.jar
17:41:25.077 [ApplicationImpl pooled thread 157] INFO  c.b.l.BrowserStackRunExtension - Adding Browserstack SDK javaagent argline
17:41:25.077 [ApplicationImpl pooled thread 157] INFO  c.b.l.BrowserStackRunExtension - Plugin version: v1.1.6
17:44:00.045 [AWT-EventQueue-0] INFO  c.b.actions.DisableBrowserStack - Setting disable browserstack run update
17:44:00.046 [AWT-EventQueue-0] INFO  com.browserstack.utils.Helpers - C:/Users/Vijay/.m2/repository/com/browserstack/browserstack-java-sdk/1.26.4/browserstack-java-sdk-1.26.4.jar
17:44:00.046 [AWT-EventQueue-0] INFO  com.browserstack.utils.Helpers - null
17:44:00.054 [AWT-EventQueue-0] INFO  c.b.actions.EnableBrowserStack - Setting enable browserstack run update
17:44:00.055 [AWT-EventQueue-0] INFO  com.browserstack.utils.Helpers - C:/Users/Vijay/.m2/repository/com/browserstack/browserstack-java-sdk/1.26.4/browserstack-java-sdk-1.26.4.jar
17:44:00.055 [AWT-EventQueue-0] INFO  com.browserstack.utils.Helpers - null
17:44:01.466 [AWT-EventQueue-0] INFO  c.b.actions.DisableBrowserStack - Setting disable browserstack run update
17:44:01.467 [AWT-EventQueue-0] INFO  com.browserstack.utils.Helpers - C:/Users/Vijay/.m2/repository/com/browserstack/browserstack-java-sdk/1.26.4/browserstack-java-sdk-1.26.4.jar
17:44:01.467 [AWT-EventQueue-0] INFO  com.browserstack.utils.Helpers - null
17:44:01.477 [AWT-EventQueue-0] INFO  c.b.actions.DisableBrowserStack - Disabling BrowserStack Run
17:44:01.477 [AWT-EventQueue-0] INFO  com.browserstack.utils.Helpers - setting browserstack enabled to false
17:44:16.383 [AWT-EventQueue-0] INFO  c.b.actions.DisableBrowserStack - Setting disable browserstack run update
17:44:16.384 [AWT-EventQueue-0] INFO  com.browserstack.utils.Helpers - C:/Users/Vijay/.m2/repository/com/browserstack/browserstack-java-sdk/1.26.4/browserstack-java-sdk-1.26.4.jar
17:44:16.384 [AWT-EventQueue-0] INFO  com.browserstack.utils.Helpers - false
17:44:16.393 [AWT-EventQueue-0] INFO  c.b.actions.EnableBrowserStack - Setting enable browserstack run update
17:44:16.394 [AWT-EventQueue-0] INFO  com.browserstack.utils.Helpers - C:/Users/Vijay/.m2/repository/com/browserstack/browserstack-java-sdk/1.26.4/browserstack-java-sdk-1.26.4.jar
17:44:16.395 [AWT-EventQueue-0] INFO  com.browserstack.utils.Helpers - false
17:44:23.930 [ApplicationImpl pooled thread 164] INFO  c.b.l.BrowserStackRunExtension - testng
17:44:23.930 [ApplicationImpl pooled thread 164] INFO  com.browserstack.utils.Helpers - false
17:48:17.527 [ApplicationImpl pooled thread 164] INFO  c.b.l.BrowserStackRunExtension - testng
17:48:17.527 [ApplicationImpl pooled thread 164] INFO  com.browserstack.utils.Helpers - false
17:54:07.632 [ApplicationImpl pooled thread 171] INFO  c.b.l.BrowserStackRunExtension - testng
17:54:07.632 [ApplicationImpl pooled thread 171] INFO  com.browserstack.utils.Helpers - false
17:55:30.316 [ApplicationImpl pooled thread 172] INFO  c.b.l.BrowserStackRunExtension - testng
17:55:30.316 [ApplicationImpl pooled thread 172] INFO  com.browserstack.utils.Helpers - false
17:57:48.210 [ApplicationImpl pooled thread 164] INFO  c.b.l.BrowserStackRunExtension - testng
17:57:48.210 [ApplicationImpl pooled thread 164] INFO  com.browserstack.utils.Helpers - false
17:58:11.070 [ApplicationImpl pooled thread 176] INFO  c.b.l.BrowserStackRunExtension - testng
17:58:11.070 [ApplicationImpl pooled thread 176] INFO  com.browserstack.utils.Helpers - false
17:58:42.609 [ApplicationImpl pooled thread 178] INFO  c.b.l.BrowserStackRunExtension - testng
17:58:42.609 [ApplicationImpl pooled thread 178] INFO  com.browserstack.utils.Helpers - false
18:00:14.081 [ApplicationImpl pooled thread 179] INFO  c.b.l.BrowserStackRunExtension - testng
18:00:14.081 [ApplicationImpl pooled thread 179] INFO  com.browserstack.utils.Helpers - false
18:01:14.433 [ApplicationImpl pooled thread 178] INFO  c.b.l.BrowserStackRunExtension - testng
18:01:14.433 [ApplicationImpl pooled thread 178] INFO  com.browserstack.utils.Helpers - false
18:02:53.978 [ApplicationImpl pooled thread 178] INFO  c.b.l.BrowserStackRunExtension - testng
18:02:53.978 [ApplicationImpl pooled thread 178] INFO  com.browserstack.utils.Helpers - false
18:03:59.841 [ApplicationImpl pooled thread 181] INFO  c.b.l.BrowserStackRunExtension - testng
18:03:59.841 [ApplicationImpl pooled thread 181] INFO  com.browserstack.utils.Helpers - false
18:06:35.942 [ApplicationImpl pooled thread 180] INFO  c.b.l.BrowserStackRunExtension - testng
18:06:35.942 [ApplicationImpl pooled thread 180] INFO  com.browserstack.utils.Helpers - false
18:07:12.764 [ApplicationImpl pooled thread 185] INFO  c.b.l.BrowserStackRunExtension - testng
18:07:12.764 [ApplicationImpl pooled thread 185] INFO  com.browserstack.utils.Helpers - false
18:13:03.279 [ApplicationImpl pooled thread 179] INFO  c.b.l.BrowserStackRunExtension - testng
18:13:03.279 [ApplicationImpl pooled thread 179] INFO  com.browserstack.utils.Helpers - false
18:13:49.730 [ApplicationImpl pooled thread 182] INFO  c.b.l.BrowserStackRunExtension - testng
18:13:49.731 [ApplicationImpl pooled thread 182] INFO  com.browserstack.utils.Helpers - false
18:16:39.931 [ApplicationImpl pooled thread 182] INFO  c.b.l.BrowserStackRunExtension - testng
18:16:39.931 [ApplicationImpl pooled thread 182] INFO  com.browserstack.utils.Helpers - false
18:17:31.801 [ApplicationImpl pooled thread 196] INFO  c.b.l.BrowserStackRunExtension - testng
18:17:31.801 [ApplicationImpl pooled thread 196] INFO  com.browserstack.utils.Helpers - false
16:36:52.368 [ApplicationImpl pooled thread 223] INFO  c.b.l.BrowserStackRunExtension - testng
16:36:52.369 [ApplicationImpl pooled thread 223] INFO  com.browserstack.utils.Helpers - false
16:38:22.146 [ApplicationImpl pooled thread 231] INFO  c.b.l.BrowserStackRunExtension - testng
16:38:22.146 [ApplicationImpl pooled thread 231] INFO  com.browserstack.utils.Helpers - false
16:38:56.291 [ApplicationImpl pooled thread 230] INFO  c.b.l.BrowserStackRunExtension - testng
16:38:56.291 [ApplicationImpl pooled thread 230] INFO  com.browserstack.utils.Helpers - false
16:50:40.071 [ApplicationImpl pooled thread 258] INFO  c.b.l.BrowserStackRunExtension - testng
16:50:40.071 [ApplicationImpl pooled thread 258] INFO  com.browserstack.utils.Helpers - false
16:51:13.657 [ApplicationImpl pooled thread 259] INFO  c.b.l.BrowserStackRunExtension - testng
16:51:13.657 [ApplicationImpl pooled thread 259] INFO  com.browserstack.utils.Helpers - false
16:54:35.934 [ApplicationImpl pooled thread 5] INFO  c.b.l.BrowserStackRunExtension - testng
16:54:35.934 [ApplicationImpl pooled thread 5] INFO  com.browserstack.utils.Helpers - false
16:58:57.947 [ApplicationImpl pooled thread 20] INFO  c.b.l.BrowserStackRunExtension - testng
16:58:57.947 [ApplicationImpl pooled thread 20] INFO  com.browserstack.utils.Helpers - false
17:05:24.370 [ApplicationImpl pooled thread 34] INFO  c.b.l.BrowserStackRunExtension - testng
17:05:24.370 [ApplicationImpl pooled thread 34] INFO  com.browserstack.utils.Helpers - false
17:08:48.898 [ApplicationImpl pooled thread 40] INFO  c.b.l.BrowserStackRunExtension - testng
17:08:48.899 [ApplicationImpl pooled thread 40] INFO  com.browserstack.utils.Helpers - false
17:09:54.712 [ApplicationImpl pooled thread 37] INFO  c.b.l.BrowserStackRunExtension - testng
17:09:54.712 [ApplicationImpl pooled thread 37] INFO  com.browserstack.utils.Helpers - false
17:10:45.461 [ApplicationImpl pooled thread 39] INFO  c.b.l.BrowserStackRunExtension - testng
17:10:45.461 [ApplicationImpl pooled thread 39] INFO  com.browserstack.utils.Helpers - false
17:19:13.695 [ApplicationImpl pooled thread 48] INFO  c.b.l.BrowserStackRunExtension - testng
17:19:13.695 [ApplicationImpl pooled thread 48] INFO  com.browserstack.utils.Helpers - false
17:28:40.968 [ApplicationImpl pooled thread 56] INFO  c.b.l.BrowserStackRunExtension - testng
17:28:40.969 [ApplicationImpl pooled thread 56] INFO  com.browserstack.utils.Helpers - false
17:29:07.100 [ApplicationImpl pooled thread 57] INFO  c.b.l.BrowserStackRunExtension - testng
17:29:07.100 [ApplicationImpl pooled thread 57] INFO  com.browserstack.utils.Helpers - false
17:34:33.169 [ApplicationImpl pooled thread 65] INFO  c.b.l.BrowserStackRunExtension - testng
17:34:33.169 [ApplicationImpl pooled thread 65] INFO  com.browserstack.utils.Helpers - false
17:35:32.831 [ApplicationImpl pooled thread 53] INFO  c.b.l.BrowserStackRunExtension - testng
17:35:32.831 [ApplicationImpl pooled thread 53] INFO  com.browserstack.utils.Helpers - false
08:10:30.536 [ApplicationImpl pooled thread 76] INFO  c.b.l.BrowserStackRunExtension - testng
08:10:30.536 [ApplicationImpl pooled thread 76] INFO  com.browserstack.utils.Helpers - false
12:17:50.687 [ApplicationImpl pooled thread 299] INFO  c.b.l.BrowserStackRunExtension - testng
12:17:50.688 [ApplicationImpl pooled thread 299] INFO  com.browserstack.utils.Helpers - false
12:20:20.361 [ApplicationImpl pooled thread 299] INFO  c.b.l.BrowserStackRunExtension - testng
12:20:20.362 [ApplicationImpl pooled thread 299] INFO  com.browserstack.utils.Helpers - false
12:21:27.832 [ApplicationImpl pooled thread 299] INFO  c.b.l.BrowserStackRunExtension - testng
12:21:27.832 [ApplicationImpl pooled thread 299] INFO  com.browserstack.utils.Helpers - false
12:36:30.342 [ApplicationImpl pooled thread 325] INFO  c.b.l.BrowserStackRunExtension - testng
12:36:30.343 [ApplicationImpl pooled thread 325] INFO  com.browserstack.utils.Helpers - false
12:38:05.982 [ApplicationImpl pooled thread 326] INFO  c.b.l.BrowserStackRunExtension - testng
12:38:05.983 [ApplicationImpl pooled thread 326] INFO  com.browserstack.utils.Helpers - false
19:07:13.330 [ApplicationImpl pooled thread 51] INFO  c.b.l.BrowserStackRunExtension - testng
19:07:13.330 [ApplicationImpl pooled thread 51] INFO  com.browserstack.utils.Helpers - false
19:10:11.280 [ApplicationImpl pooled thread 55] INFO  c.b.l.BrowserStackRunExtension - testng
19:10:11.280 [ApplicationImpl pooled thread 55] INFO  com.browserstack.utils.Helpers - false
19:10:48.135 [ApplicationImpl pooled thread 53] INFO  c.b.l.BrowserStackRunExtension - testng
19:10:48.135 [ApplicationImpl pooled thread 53] INFO  com.browserstack.utils.Helpers - false
19:16:01.652 [ApplicationImpl pooled thread 60] INFO  c.b.l.BrowserStackRunExtension - testng
19:16:01.652 [ApplicationImpl pooled thread 60] INFO  com.browserstack.utils.Helpers - false
19:16:26.136 [ApplicationImpl pooled thread 58] INFO  c.b.l.BrowserStackRunExtension - testng
19:16:26.136 [ApplicationImpl pooled thread 58] INFO  com.browserstack.utils.Helpers - false
19:17:15.439 [ApplicationImpl pooled thread 60] INFO  c.b.l.BrowserStackRunExtension - testng
19:17:15.439 [ApplicationImpl pooled thread 60] INFO  com.browserstack.utils.Helpers - false
19:17:59.852 [ApplicationImpl pooled thread 61] INFO  c.b.l.BrowserStackRunExtension - testng
19:17:59.852 [ApplicationImpl pooled thread 61] INFO  com.browserstack.utils.Helpers - false
19:18:59.574 [ApplicationImpl pooled thread 53] INFO  c.b.l.BrowserStackRunExtension - testng
19:18:59.574 [ApplicationImpl pooled thread 53] INFO  com.browserstack.utils.Helpers - false
19:20:13.532 [ApplicationImpl pooled thread 58] INFO  c.b.l.BrowserStackRunExtension - testng
19:20:13.532 [ApplicationImpl pooled thread 58] INFO  com.browserstack.utils.Helpers - false
19:20:48.255 [ApplicationImpl pooled thread 58] INFO  c.b.l.BrowserStackRunExtension - testng
19:20:48.255 [ApplicationImpl pooled thread 58] INFO  com.browserstack.utils.Helpers - false
19:21:26.887 [ApplicationImpl pooled thread 65] INFO  c.b.l.BrowserStackRunExtension - testng
19:21:26.887 [ApplicationImpl pooled thread 65] INFO  com.browserstack.utils.Helpers - false
19:22:53.384 [ApplicationImpl pooled thread 58] INFO  c.b.l.BrowserStackRunExtension - testng
19:22:53.384 [ApplicationImpl pooled thread 58] INFO  com.browserstack.utils.Helpers - false
19:23:50.432 [ApplicationImpl pooled thread 66] INFO  c.b.l.BrowserStackRunExtension - testng
19:23:50.432 [ApplicationImpl pooled thread 66] INFO  com.browserstack.utils.Helpers - false
19:31:38.706 [ApplicationImpl pooled thread 72] INFO  c.b.l.BrowserStackRunExtension - testng
19:31:38.706 [ApplicationImpl pooled thread 72] INFO  com.browserstack.utils.Helpers - false
19:32:50.286 [ApplicationImpl pooled thread 58] INFO  c.b.l.BrowserStackRunExtension - testng
19:32:50.291 [ApplicationImpl pooled thread 58] INFO  com.browserstack.utils.Helpers - false
19:57:18.841 [ApplicationImpl pooled thread 14] INFO  c.b.l.BrowserStackRunExtension - testng
19:57:18.841 [ApplicationImpl pooled thread 14] INFO  com.browserstack.utils.Helpers - false
20:03:36.031 [ApplicationImpl pooled thread 14] INFO  c.b.l.BrowserStackRunExtension - testng
20:03:36.031 [ApplicationImpl pooled thread 14] INFO  com.browserstack.utils.Helpers - false
20:04:24.361 [ApplicationImpl pooled thread 69] INFO  c.b.l.BrowserStackRunExtension - testng
20:04:24.361 [ApplicationImpl pooled thread 69] INFO  com.browserstack.utils.Helpers - false
20:04:53.601 [ApplicationImpl pooled thread 67] INFO  c.b.l.BrowserStackRunExtension - testng
20:04:53.601 [ApplicationImpl pooled thread 67] INFO  com.browserstack.utils.Helpers - false
20:06:21.666 [ApplicationImpl pooled thread 69] INFO  c.b.l.BrowserStackRunExtension - testng
20:06:21.666 [ApplicationImpl pooled thread 69] INFO  com.browserstack.utils.Helpers - false
20:06:46.905 [ApplicationImpl pooled thread 66] INFO  c.b.l.BrowserStackRunExtension - testng
20:06:46.905 [ApplicationImpl pooled thread 66] INFO  com.browserstack.utils.Helpers - false
20:10:35.865 [ApplicationImpl pooled thread 72] INFO  c.b.l.BrowserStackRunExtension - testng
20:10:35.865 [ApplicationImpl pooled thread 72] INFO  com.browserstack.utils.Helpers - false
20:33:21.195 [ApplicationImpl pooled thread 2] INFO  c.b.l.BrowserStackRunExtension - testng
20:33:21.195 [ApplicationImpl pooled thread 2] INFO  com.browserstack.utils.Helpers - false
09:02:14.124 [ApplicationImpl pooled thread 18] INFO  c.b.l.BrowserStackRunExtension - testng
09:02:14.124 [ApplicationImpl pooled thread 18] INFO  com.browserstack.utils.Helpers - false
09:04:23.118 [ApplicationImpl pooled thread 23] INFO  c.b.l.BrowserStackRunExtension - testng
09:04:23.118 [ApplicationImpl pooled thread 23] INFO  com.browserstack.utils.Helpers - false
09:06:24.159 [ApplicationImpl pooled thread 17] INFO  c.b.l.BrowserStackRunExtension - testng
09:06:24.159 [ApplicationImpl pooled thread 17] INFO  com.browserstack.utils.Helpers - false
09:06:44.779 [ApplicationImpl pooled thread 23] INFO  c.b.l.BrowserStackRunExtension - testng
09:06:44.779 [ApplicationImpl pooled thread 23] INFO  com.browserstack.utils.Helpers - false
09:13:00.271 [ApplicationImpl pooled thread 17] INFO  c.b.l.BrowserStackRunExtension - testng
09:13:00.271 [ApplicationImpl pooled thread 17] INFO  com.browserstack.utils.Helpers - false
09:38:19.460 [ApplicationImpl pooled thread 33] INFO  c.b.l.BrowserStackRunExtension - testng
09:38:19.460 [ApplicationImpl pooled thread 33] INFO  com.browserstack.utils.Helpers - false
